{"name": "test_driver", "status": "failed", "statusDetails": {"message": "AssertionError: Yes they are in List\nassert 'Chrom' in ['Chrome', 'Firefox', 'Edge']\n +  where 'Chrom' = load_driver('Chrom')", "trace": "def test_driver():\n>       assert load_driver(\"Chrom\") in [\"Chrome\", \"Firefox\", \"Edge\"], \"Yes they are in List\"\nE       AssertionError: Yes they are in List\nE       assert 'Chrom' in ['Chrome', 'Firefox', 'Edge']\nE        +  where 'Chrom' = load_driver('Chrom')\n\ntest_scripts\\test_driver.py:12: AssertionError"}, "attachments": [{"name": "stdout", "source": "f2b6558a-c6f0-4b5d-a9c7-cdf74198806f-attachment.txt", "type": "text/plain"}], "start": 1746510691583, "stop": 1746510691584, "uuid": "f151be3c-6eb6-456f-ac6f-d962e1939f80", "historyId": "30facf2599e6c147935c296e39b4ec23", "testCaseId": "30facf2599e6c147935c296e39b4ec23", "fullName": "test_scripts.test_driver#test_driver", "labels": [{"name": "parentSuite", "value": "test_scripts"}, {"name": "suite", "value": "test_driver"}, {"name": "host", "value": "LAPTOP-TR53LJF3"}, {"name": "thread", "value": "45880-MainThread"}, {"name": "framework", "value": "pytest"}, {"name": "language", "value": "cpython3"}, {"name": "package", "value": "test_scripts.test_driver"}]}